#
# There is insufficient memory for the Java Runtime Environment to continue.
# Native memory allocation (malloc) failed to allocate 1048576 bytes for AllocateHeap
# Possible reasons:
#   The system is out of physical RAM or swap space
#   In 32 bit mode, the process size limit was hit
# Possible solutions:
#   Reduce memory load on the system
#   Increase physical memory or swap space
#   Check if swap backing store is full
#   Use 64 bit Java on a 64 bit OS
#   Decrease Java heap size (-Xmx/-Xms)
#   Decrease number of Java threads
#   Decrease Java thread stack sizes (-Xss)
#   Set larger code cache with -XX:ReservedCodeCacheSize=
# This output file may be truncated or incomplete.
#
#  Out of Memory Error (memory/allocation.inline.hpp:61), pid=1160, tid=4824
#
# JRE version:  (7.0_75-b13) (build )
# Java VM: Java HotSpot(TM) 64-Bit Server VM (24.75-b04 mixed mode windows-amd64 compressed oops)
# Failed to write core dump. Minidumps are not enabled by default on client versions of Windows
#

---------------  T H R E A D  ---------------

Current thread (0x0000000000c3d800):  JavaThread "Unknown thread" [_thread_in_vm, id=4824, stack(0x0000000002380000,0x0000000002480000)]

Stack: [0x0000000002380000,0x0000000002480000]

---------------  P R O C E S S  ---------------

Java Threads: ( => current thread )

Other Threads:

=>0x0000000000c3d800 (exited) JavaThread "Unknown thread" [_thread_in_vm, id=4824, stack(0x0000000002380000,0x0000000002480000)]

VM state:not at safepoint (normal execution)

VM Mutex/Monitor currently owned by a thread: None

Heap
 PSYoungGen      total 38400K, used 665K [0x00000000eaa80000, 0x00000000ed500000, 0x0000000100000000)
  eden space 33280K, 2% used [0x00000000eaa80000,0x00000000eab266b8,0x00000000ecb00000)
  from space 5120K, 0% used [0x00000000ed000000,0x00000000ed000000,0x00000000ed500000)
  to   space 5120K, 0% used [0x00000000ecb00000,0x00000000ecb00000,0x00000000ed000000)
 ParOldGen       total 86528K, used 0K [0x00000000c0000000, 0x00000000c5480000, 0x00000000eaa80000)
  object space 86528K, 0% used [0x00000000c0000000,0x00000000c0000000,0x00000000c5480000)
 PSPermGen       total 21504K, used 697K [0x00000000bae00000, 0x00000000bc300000, 0x00000000c0000000)
  object space 21504K, 3% used [0x00000000bae00000,0x00000000baeae580,0x00000000bc300000)

Card table byte_map: [0x0000000005690000,0x00000000058c0000] byte_map_base: 0x00000000050b9000

Polling page: 0x0000000000bc0000

Code Cache  [0x00000000025d0000, 0x0000000002840000, 0x00000000055d0000)
 total_blobs=38 nmethods=0 adapters=20 free_code_cache=48889Kb largest_free_block=50062528

Compilation events (0 events):
No events

GC Heap History (0 events):
No events

Deoptimization events (0 events):
No events

Internal exceptions (0 events):
No events

Events (10 events):
Event: 0.013 loading class 0x000000000251fd30
Event: 0.013 loading class 0x000000000251fd30 done
Event: 0.013 loading class 0x000000000251fd80
Event: 0.013 loading class 0x000000000251fd80 done
Event: 0.013 loading class 0x000000000251fdd0
Event: 0.013 loading class 0x000000000251fdd0 done
Event: 0.014 loading class 0x0000000002520b50
Event: 0.014 loading class 0x0000000002520b50 done
Event: 0.014 loading class 0x0000000002520770
Event: 0.014 loading class 0x0000000002520770 done


Dynamic libraries:
0x00007ff679070000 - 0x00007ff6790a3000 	C:\Program Files\Java\jdk1.7.0_75\bin\java.exe
0x00007ff8424e0000 - 0x00007ff84268c000 	C:\Windows\SYSTEM32\ntdll.dll
0x00007ff841bf0000 - 0x00007ff841d2e000 	C:\Windows\system32\KERNEL32.DLL
0x00007ff83f700000 - 0x00007ff83f815000 	C:\Windows\system32\KERNELBASE.dll
0x00007ff83e1d0000 - 0x00007ff83e25e000 	C:\Windows\system32\apphelp.dll
0x00007ff82c760000 - 0x00007ff82c7b3000 	C:\Windows\AppPatch\AppPatch64\AcGenral.DLL
0x00007ff842260000 - 0x00007ff84230a000 	C:\Windows\system32\msvcrt.dll
0x00007ff83f460000 - 0x00007ff83f48e000 	C:\Windows\SYSTEM32\SspiCli.dll
0x00007ff8421f0000 - 0x00007ff842244000 	C:\Windows\system32\SHLWAPI.dll
0x00007ff842360000 - 0x00007ff8424d7000 	C:\Windows\system32\USER32.dll
0x00007ff83fb70000 - 0x00007ff83fd04000 	C:\Windows\system32\ole32.dll
0x00007ff8402b0000 - 0x00007ff8417c8000 	C:\Windows\system32\SHELL32.dll
0x00007ff83ec30000 - 0x00007ff83ec51000 	C:\Windows\SYSTEM32\USERENV.dll
0x00007ff8417d0000 - 0x00007ff84187a000 	C:\Windows\system32\ADVAPI32.dll
0x00007ff833a20000 - 0x00007ff833a3e000 	C:\Windows\SYSTEM32\MPR.dll
0x00007ff841880000 - 0x00007ff8419c1000 	C:\Windows\system32\RPCRT4.dll
0x00007ff842130000 - 0x00007ff842189000 	C:\Windows\SYSTEM32\sechost.dll
0x00007ff841f10000 - 0x00007ff842121000 	C:\Windows\SYSTEM32\combase.dll
0x00007ff83fd80000 - 0x00007ff83fed1000 	C:\Windows\system32\GDI32.dll
0x00007ff83f630000 - 0x00007ff83f645000 	C:\Windows\SYSTEM32\profapi.dll
0x00007ff83dba0000 - 0x00007ff83dc52000 	C:\Windows\SYSTEM32\SHCORE.dll
0x00007ff842310000 - 0x00007ff842346000 	C:\Windows\system32\IMM32.DLL
0x00007ff841a90000 - 0x00007ff841be2000 	C:\Windows\system32\MSCTF.dll
0x00007ff83d320000 - 0x00007ff83d59b000 	C:\Windows\WinSxS\amd64_microsoft.windows.common-controls_6595b64144ccf1df_6.0.9600.17415_none_6240486fecbd8abb\COMCTL32.dll
0x0000000054200000 - 0x00000000542d2000 	C:\Program Files\Java\jdk1.7.0_75\jre\bin\msvcr100.dll
0x0000000054670000 - 0x0000000054e44000 	C:\Program Files\Java\jdk1.7.0_75\jre\bin\server\jvm.dll
0x00007ff835f10000 - 0x00007ff835f19000 	C:\Windows\SYSTEM32\WSOCK32.dll
0x00007ff83cad0000 - 0x00007ff83caf2000 	C:\Windows\SYSTEM32\WINMM.dll
0x00007ff842350000 - 0x00007ff842357000 	C:\Windows\system32\PSAPI.DLL
0x00007ff83fee0000 - 0x00007ff83ff3a000 	C:\Windows\system32\WS2_32.dll
0x00007ff83cdd0000 - 0x00007ff83cdfa000 	C:\Windows\SYSTEM32\WINMMBASE.dll
0x00007ff842250000 - 0x00007ff842259000 	C:\Windows\system32\NSI.dll
0x00007ff83f880000 - 0x00007ff83f8cf000 	C:\Windows\SYSTEM32\cfgmgr32.dll
0x00007ff83e420000 - 0x00007ff83e448000 	C:\Windows\SYSTEM32\DEVOBJ.dll
0x0000000054eb0000 - 0x0000000054ebf000 	C:\Program Files\Java\jdk1.7.0_75\jre\bin\verify.dll
0x0000000054640000 - 0x0000000054668000 	C:\Program Files\Java\jdk1.7.0_75\jre\bin\java.dll
0x0000000054620000 - 0x0000000054635000 	C:\Program Files\Java\jdk1.7.0_75\jre\bin\zip.dll

VM Arguments:
jvm_args: -Xmx1024M -Dfile.encoding=windows-1252 -Duser.country=US -Duser.language=en -Duser.variant 
java_command: com.android.dx.command.Main --dex --output C:\Users\Divydeep Agarwal\AndroidstudioProjects\EbaySearch\app\build\intermediates\dex\debug C:\Users\Divydeep Agarwal\AndroidstudioProjects\EbaySearch\app\build\intermediates\classes\debug C:\Users\Divydeep Agarwal\AndroidstudioProjects\EbaySearch\app\build\intermediates\pre-dexed\debug\support-annotations-22.0.0-2c0fba76f68ca98bd3746823399040e2853e631e.jar C:\Users\Divydeep Agarwal\AndroidstudioProjects\EbaySearch\app\build\intermediates\pre-dexed\debug\internal_impl-22.0.0-caf761d948c7fefa4ebf3a8cb8bd4cbc7c31cfdd.jar C:\Users\Divydeep Agarwal\AndroidstudioProjects\EbaySearch\app\build\intermediates\pre-dexed\debug\classes-05359c447c85b68f0144a99bd7236e6940453340.jar C:\Users\Divydeep Agarwal\AndroidstudioProjects\EbaySearch\app\build\intermediates\pre-dexed\debug\classes-361d06d8af798e4d07aec4501a9180d9326ddd96.jar
Launcher Type: SUN_STANDARD

Environment Variables:
PATH=C:\Program Files (x86)\NVIDIA Corporation\PhysX\Common;C:\Windows\system32;C:\Windows;C:\Windows\System32\Wbem;C:\Windows\System32\WindowsPowerShell\v1.0\;C:\Program Files\Intel\WiFi\bin\;C:\Program Files\Common Files\Intel\WirelessCommon\;C:\Program Files (x86)\Skype\Phone\;C:\Program Files\Intel\WiFi\bin\;C:\Program Files\Common Files\Intel\WirelessCommon\
USERNAME=Divydeep Agarwal
OS=Windows_NT
PROCESSOR_IDENTIFIER=Intel64 Family 6 Model 60 Stepping 3, GenuineIntel



---------------  S Y S T E M  ---------------

OS: Windows 8.1 , 64 bit Build 9600 

CPU:total 8 (4 cores per cpu, 2 threads per core) family 6 model 60 stepping 3, cmov, cx8, fxsr, mmx, sse, sse2, sse3, ssse3, sse4.1, sse4.2, popcnt, avx, avx2, aes, erms, ht, tsc, tscinvbit

Memory: 4k page, physical 8298776k(2087864k free), swap 8298776k(5832k free)

vm_info: Java HotSpot(TM) 64-Bit Server VM (24.75-b04) for windows-amd64 JRE (1.7.0_75-b13), built on Dec 18 2014 17:15:01 by "java_re" with unknown MS VC++:1600

time: Mon Apr 13 22:19:58 2015
elapsed time: 0 seconds

