#
# There is insufficient memory for the Java Runtime Environment to continue.
# Native memory allocation (malloc) failed to allocate 1048576 bytes for AllocateHeap
# Possible reasons:
#   The system is out of physical RAM or swap space
#   In 32 bit mode, the process size limit was hit
# Possible solutions:
#   Reduce memory load on the system
#   Increase physical memory or swap space
#   Check if swap backing store is full
#   Use 64 bit Java on a 64 bit OS
#   Decrease Java heap size (-Xmx/-Xms)
#   Decrease number of Java threads
#   Decrease Java thread stack sizes (-Xss)
#   Set larger code cache with -XX:ReservedCodeCacheSize=
# This output file may be truncated or incomplete.
#
#  Out of Memory Error (memory/allocation.inline.hpp:61), pid=2080, tid=4412
#
# JRE version:  (7.0_75-b13) (build )
# Java VM: Java HotSpot(TM) 64-Bit Server VM (24.75-b04 mixed mode windows-amd64 compressed oops)
# Failed to write core dump. Minidumps are not enabled by default on client versions of Windows
#

---------------  T H R E A D  ---------------

Current thread (0x000000000234d800):  JavaThread "Unknown thread" [_thread_in_vm, id=4412, stack(0x00000000021c0000,0x00000000022c0000)]

Stack: [0x00000000021c0000,0x00000000022c0000]

---------------  P R O C E S S  ---------------

Java Threads: ( => current thread )

Other Threads:

=>0x000000000234d800 (exited) JavaThread "Unknown thread" [_thread_in_vm, id=4412, stack(0x00000000021c0000,0x00000000022c0000)]

VM state:not at safepoint (normal execution)

VM Mutex/Monitor currently owned by a thread: None

Heap
 PSYoungGen      total 38400K, used 665K [0x00000000eaa80000, 0x00000000ed500000, 0x0000000100000000)
  eden space 33280K, 2% used [0x00000000eaa80000,0x00000000eab266b8,0x00000000ecb00000)
  from space 5120K, 0% used [0x00000000ed000000,0x00000000ed000000,0x00000000ed500000)
  to   space 5120K, 0% used [0x00000000ecb00000,0x00000000ecb00000,0x00000000ed000000)
 ParOldGen       total 86528K, used 0K [0x00000000c0000000, 0x00000000c5480000, 0x00000000eaa80000)
  object space 86528K, 0% used [0x00000000c0000000,0x00000000c0000000,0x00000000c5480000)
 PSPermGen       total 21504K, used 697K [0x00000000bae00000, 0x00000000bc300000, 0x00000000c0000000)
  object space 21504K, 3% used [0x00000000bae00000,0x00000000baeae580,0x00000000bc300000)

Card table byte_map: [0x0000000005560000,0x0000000005790000] byte_map_base: 0x0000000004f89000

Polling page: 0x0000000000940000

Code Cache  [0x00000000024a0000, 0x0000000002710000, 0x00000000054a0000)
 total_blobs=38 nmethods=0 adapters=20 free_code_cache=48889Kb largest_free_block=50062528

Compilation events (0 events):
No events

GC Heap History (0 events):
No events

Deoptimization events (0 events):
No events

Internal exceptions (0 events):
No events

Events (10 events):
Event: 0.014 loading class 0x00000000023efd30
Event: 0.014 loading class 0x00000000023efd30 done
Event: 0.014 loading class 0x00000000023efd80
Event: 0.014 loading class 0x00000000023efd80 done
Event: 0.014 loading class 0x00000000023efdd0
Event: 0.014 loading class 0x00000000023efdd0 done
Event: 0.015 loading class 0x00000000023f0b50
Event: 0.015 loading class 0x00000000023f0b50 done
Event: 0.015 loading class 0x00000000023f0770
Event: 0.015 loading class 0x00000000023f0770 done


Dynamic libraries:
0x00007ff65a220000 - 0x00007ff65a253000 	C:\Program Files\Java\jdk1.7.0_75\bin\java.exe
0x00007ffd106c0000 - 0x00007ffd1086c000 	C:\Windows\SYSTEM32\ntdll.dll
0x00007ffd0f320000 - 0x00007ffd0f45e000 	C:\Windows\system32\KERNEL32.DLL
0x00007ffd0dc20000 - 0x00007ffd0dd35000 	C:\Windows\system32\KERNELBASE.dll
0x00007ffd0c3b0000 - 0x00007ffd0c43e000 	C:\Windows\system32\apphelp.dll
0x00007ffd01420000 - 0x00007ffd01473000 	C:\Windows\AppPatch\AppPatch64\AcGenral.DLL
0x00007ffd0fce0000 - 0x00007ffd0fd8a000 	C:\Windows\system32\msvcrt.dll
0x00007ffd0d640000 - 0x00007ffd0d66e000 	C:\Windows\SYSTEM32\SspiCli.dll
0x00007ffd0f460000 - 0x00007ffd0f4b4000 	C:\Windows\system32\SHLWAPI.dll
0x00007ffd10230000 - 0x00007ffd103a7000 	C:\Windows\system32\USER32.dll
0x00007ffd10520000 - 0x00007ffd106b4000 	C:\Windows\system32\ole32.dll
0x00007ffd0de00000 - 0x00007ffd0f318000 	C:\Windows\system32\SHELL32.dll
0x00007ffd0ce10000 - 0x00007ffd0ce31000 	C:\Windows\SYSTEM32\USERENV.dll
0x00007ffd0f520000 - 0x00007ffd0f5ca000 	C:\Windows\system32\ADVAPI32.dll
0x00007ffcfff30000 - 0x00007ffcfff4e000 	C:\Windows\SYSTEM32\MPR.dll
0x00007ffd0fa70000 - 0x00007ffd0fbb1000 	C:\Windows\system32\RPCRT4.dll
0x00007ffd0fc80000 - 0x00007ffd0fcd9000 	C:\Windows\SYSTEM32\sechost.dll
0x00007ffd10010000 - 0x00007ffd10221000 	C:\Windows\SYSTEM32\combase.dll
0x00007ffd103c0000 - 0x00007ffd10511000 	C:\Windows\system32\GDI32.dll
0x00007ffd0d810000 - 0x00007ffd0d825000 	C:\Windows\SYSTEM32\profapi.dll
0x00007ffd0c040000 - 0x00007ffd0c0f2000 	C:\Windows\SYSTEM32\SHCORE.dll
0x00007ffd0f5f0000 - 0x00007ffd0f626000 	C:\Windows\system32\IMM32.DLL
0x00007ffd0f8e0000 - 0x00007ffd0fa32000 	C:\Windows\system32\MSCTF.dll
0x00007ffd0b960000 - 0x00007ffd0bbdb000 	C:\Windows\WinSxS\amd64_microsoft.windows.common-controls_6595b64144ccf1df_6.0.9600.17415_none_6240486fecbd8abb\COMCTL32.dll
0x000000006c780000 - 0x000000006c852000 	C:\Program Files\Java\jdk1.7.0_75\jre\bin\msvcr100.dll
0x000000006daf0000 - 0x000000006e2c4000 	C:\Program Files\Java\jdk1.7.0_75\jre\bin\server\jvm.dll
0x00007ffd04150000 - 0x00007ffd04159000 	C:\Windows\SYSTEM32\WSOCK32.dll
0x00007ffd0b000000 - 0x00007ffd0b022000 	C:\Windows\SYSTEM32\WINMM.dll
0x00007ffd0fa50000 - 0x00007ffd0fa57000 	C:\Windows\system32\PSAPI.DLL
0x00007ffd0f4c0000 - 0x00007ffd0f51a000 	C:\Windows\system32\WS2_32.dll
0x00007ffd0afc0000 - 0x00007ffd0afea000 	C:\Windows\SYSTEM32\WINMMBASE.dll
0x00007ffd0fa40000 - 0x00007ffd0fa49000 	C:\Windows\system32\NSI.dll
0x00007ffd0db70000 - 0x00007ffd0dbbf000 	C:\Windows\SYSTEM32\cfgmgr32.dll
0x00007ffd0c600000 - 0x00007ffd0c628000 	C:\Windows\SYSTEM32\DEVOBJ.dll
0x000000006fde0000 - 0x000000006fdef000 	C:\Program Files\Java\jdk1.7.0_75\jre\bin\verify.dll
0x000000006dac0000 - 0x000000006dae8000 	C:\Program Files\Java\jdk1.7.0_75\jre\bin\java.dll
0x000000006daa0000 - 0x000000006dab5000 	C:\Program Files\Java\jdk1.7.0_75\jre\bin\zip.dll

VM Arguments:
jvm_args: -Xmx1024M -Dfile.encoding=windows-1252 -Duser.country=US -Duser.language=en -Duser.variant 
java_command: com.android.dx.command.Main --dex --output C:\Users\Divydeep Agarwal\AndroidstudioProjects\EbaySearch\app\build\intermediates\dex\debug C:\Users\Divydeep Agarwal\AndroidstudioProjects\EbaySearch\app\build\intermediates\classes\debug C:\Users\Divydeep Agarwal\AndroidstudioProjects\EbaySearch\app\build\intermediates\pre-dexed\debug\support-annotations-22.0.0-2c0fba76f68ca98bd3746823399040e2853e631e.jar C:\Users\Divydeep Agarwal\AndroidstudioProjects\EbaySearch\app\build\intermediates\pre-dexed\debug\internal_impl-22.0.0-caf761d948c7fefa4ebf3a8cb8bd4cbc7c31cfdd.jar C:\Users\Divydeep Agarwal\AndroidstudioProjects\EbaySearch\app\build\intermediates\pre-dexed\debug\classes-05359c447c85b68f0144a99bd7236e6940453340.jar C:\Users\Divydeep Agarwal\AndroidstudioProjects\EbaySearch\app\build\intermediates\pre-dexed\debug\classes-361d06d8af798e4d07aec4501a9180d9326ddd96.jar
Launcher Type: SUN_STANDARD

Environment Variables:
PATH=C:\Program Files (x86)\NVIDIA Corporation\PhysX\Common;C:\Windows\system32;C:\Windows;C:\Windows\System32\Wbem;C:\Windows\System32\WindowsPowerShell\v1.0\;C:\Program Files\Intel\WiFi\bin\;C:\Program Files\Common Files\Intel\WirelessCommon\;C:\Program Files (x86)\Skype\Phone\;C:\Program Files\Intel\WiFi\bin\;C:\Program Files\Common Files\Intel\WirelessCommon\
USERNAME=Divydeep Agarwal
OS=Windows_NT
PROCESSOR_IDENTIFIER=Intel64 Family 6 Model 60 Stepping 3, GenuineIntel



---------------  S Y S T E M  ---------------

OS: Windows 8.1 , 64 bit Build 9600 

CPU:total 8 (4 cores per cpu, 2 threads per core) family 6 model 60 stepping 3, cmov, cx8, fxsr, mmx, sse, sse2, sse3, ssse3, sse4.1, sse4.2, popcnt, avx, avx2, aes, erms, ht, tsc, tscinvbit

Memory: 4k page, physical 8298776k(2301832k free), swap 8298776k(5404k free)

vm_info: Java HotSpot(TM) 64-Bit Server VM (24.75-b04) for windows-amd64 JRE (1.7.0_75-b13), built on Dec 18 2014 17:15:01 by "java_re" with unknown MS VC++:1600

time: Tue Apr 14 13:58:43 2015
elapsed time: 0 seconds

